<?xml version="1.0" encoding="UTF-8" ?>
<testsuite tests="18" failures="0" name="step_definition.RunCukesTest" time="1.807" errors="0" skipped="0">
  <properties>
[...]
</properties>
  <testcase classname="Scenario: Can check out list of cart that user choosing" name="Given User open the website sauce demo" time="0.009"/>
  <testcase classname="Scenario: Can check out list of cart that user choosing" name="When User input &quot;standard_user&quot; ad userName and input &quot;secret_sauce&quot; as password" time="0"/>
  <testcase classname="Scenario: Can check out list of cart that user choosing" name="Then verify display landing page" time="0"/>
  <testcase classname="Scenario: Can check out list of cart that user choosing" name="When User sort Name Z to A" time="0"/>
  <testcase classname="Scenario: Can check out list of cart that user choosing" name="And User pick itemSauce Labs Onesie" time="0"/>
  <testcase classname="Scenario: Can check out list of cart that user choosing" name="And User pick item Test.allTheThings T-Shirt Red" time="0"/>
  <testcase classname="Scenario: Can check out list of cart that user choosing" name="And User click shopping cart" time="0"/>
  <testcase classname="Scenario: Can check out list of cart that user choosing" name="Then Verify All item" time="0"/>
  <testcase classname="Scenario: Can check out list of cart that user choosing" name="And Remove item 2 T-Shirt Red" time="0.001"/>
  <testcase classname="Scenario: Can check out list of cart that user choosing" name="And Click button checkout" time="0"/>
  <testcase classname="Scenario: Can check out list of cart that user choosing" name="Given User input &quot;Mukhlis&quot; as firstName and input &quot;Anshori&quot; as lastName and input &quot;65134&quot; as ZIP code" time="0.002"/>
  <testcase classname="Scenario: Can check out list of cart that user choosing" name="Then verify display item total" time="0"/>
  <testcase classname="Scenario: Can check out list of cart that user choosing" name="Then verify display Tax" time="0"/>
  <testcase classname="Scenario: Can check out list of cart that user choosing" name="Then verify display Total Payment" time="0"/>
  <testcase classname="Scenario: Can check out list of cart that user choosing" name="And Click button finish" time="0.007"/>
  <testcase classname="Scenario: Can check out list of cart that user choosing" name="And Verify THANK YOU FOR YOUR ORDER displayed" time="0"/>
  <testcase classname="Scenario: Can check out list of cart that user choosing" name="Then verify value THANK YOU FOR YOUR ORDER" time="0"/>
  <testcase classname="Scenario: Can check out list of cart that user choosing" name="Scenario: Can check out list of cart that user choosing" time="1.788"/>
</testsuite>